CRITICAL - 2024-08-17 06:33:23 --> Too few arguments to function CodeIgniter\Router\RouteCollection::get(), 1 passed in C:\Users\samue\OneDrive\Área de Trabalho\Codigos\CodeIgniter4\CodeIgniter4-4.2.1\app\Config\Routes.php on line 46 and at least 2 expected
in SYSTEMPATH\Router\RouteCollection.php on line 876.
 1 APPPATH\Config\Routes.php(46): CodeIgniter\Router\RouteCollection->get('C:\\')
 2 SYSTEMPATH\Router\RouteCollection.php(637): CodeIgniter\CodeIgniter::Config\{closure}(Object(CodeIgniter\Router\RouteCollection))
 3 APPPATH\Config\Routes.php(44): CodeIgniter\Router\RouteCollection->group('dashboard', Object(Closure))
 4 SYSTEMPATH\CodeIgniter.php(758): require('APPPATH\\Config\\Routes.php')
 5 SYSTEMPATH\CodeIgniter.php(415): CodeIgniter\CodeIgniter->tryToRouteIt(Object(CodeIgniter\Router\RouteCollection))
 6 SYSTEMPATH\CodeIgniter.php(349): CodeIgniter\CodeIgniter->handleRequest(null, Object(Config\Cache), false)
 7 FCPATH\index.php(57): CodeIgniter\CodeIgniter->run()
 8 SYSTEMPATH\Commands\Server\rewrite.php(43): require_once('FCPATH\\index.php')
CRITICAL - 2024-08-17 06:33:30 --> Too few arguments to function CodeIgniter\Router\RouteCollection::get(), 1 passed in C:\Users\samue\OneDrive\Área de Trabalho\Codigos\CodeIgniter4\CodeIgniter4-4.2.1\app\Config\Routes.php on line 46 and at least 2 expected
in SYSTEMPATH\Router\RouteCollection.php on line 876.
 1 APPPATH\Config\Routes.php(46): CodeIgniter\Router\RouteCollection->get('C:\\')
 2 SYSTEMPATH\Router\RouteCollection.php(637): CodeIgniter\CodeIgniter::Config\{closure}(Object(CodeIgniter\Router\RouteCollection))
 3 APPPATH\Config\Routes.php(44): CodeIgniter\Router\RouteCollection->group('dashboard', Object(Closure))
 4 SYSTEMPATH\CodeIgniter.php(758): require('APPPATH\\Config\\Routes.php')
 5 SYSTEMPATH\CodeIgniter.php(415): CodeIgniter\CodeIgniter->tryToRouteIt(Object(CodeIgniter\Router\RouteCollection))
 6 SYSTEMPATH\CodeIgniter.php(349): CodeIgniter\CodeIgniter->handleRequest(null, Object(Config\Cache), false)
 7 FCPATH\index.php(57): CodeIgniter\CodeIgniter->run()
 8 SYSTEMPATH\Commands\Server\rewrite.php(43): require_once('FCPATH\\index.php')
CRITICAL - 2024-08-17 06:55:27 --> The namespace delimiter is a backslash (\), not a slash (/). Route handler: \App\Controllers\dashboard/User::index
in SYSTEMPATH\Router\Router.php on line 466.
 1 SYSTEMPATH\Router\Router.php(466): CodeIgniter\Router\Exceptions\RouterException::forInvalidControllerName('\\App\\Controllers\\dashboard/User::index')
 2 SYSTEMPATH\Router\Router.php(181): CodeIgniter\Router\Router->checkRoutes('dashboard/users')
 3 SYSTEMPATH\CodeIgniter.php(771): CodeIgniter\Router\Router->handle('dashboard/users')
 4 SYSTEMPATH\CodeIgniter.php(415): CodeIgniter\CodeIgniter->tryToRouteIt(Object(CodeIgniter\Router\RouteCollection))
 5 SYSTEMPATH\CodeIgniter.php(349): CodeIgniter\CodeIgniter->handleRequest(null, Object(Config\Cache), false)
 6 FCPATH\index.php(57): CodeIgniter\CodeIgniter->run()
 7 SYSTEMPATH\Commands\Server\rewrite.php(43): require_once('FCPATH\\index.php')
CRITICAL - 2024-08-17 06:57:30 --> The namespace delimiter is a backslash (\), not a slash (/). Route handler: \App/Controller/dasboard\User::index
in SYSTEMPATH\Router\Router.php on line 466.
 1 SYSTEMPATH\Router\Router.php(466): CodeIgniter\Router\Exceptions\RouterException::forInvalidControllerName('\\App/Controller/dasboard\\User::index')
 2 SYSTEMPATH\Router\Router.php(181): CodeIgniter\Router\Router->checkRoutes('dashboard/users')
 3 SYSTEMPATH\CodeIgniter.php(771): CodeIgniter\Router\Router->handle('dashboard/users')
 4 SYSTEMPATH\CodeIgniter.php(415): CodeIgniter\CodeIgniter->tryToRouteIt(Object(CodeIgniter\Router\RouteCollection))
 5 SYSTEMPATH\CodeIgniter.php(349): CodeIgniter\CodeIgniter->handleRequest(null, Object(Config\Cache), false)
 6 FCPATH\index.php(57): CodeIgniter\CodeIgniter->run()
 7 SYSTEMPATH\Commands\Server\rewrite.php(43): require_once('FCPATH\\index.php')
CRITICAL - 2024-08-17 06:57:32 --> The namespace delimiter is a backslash (\), not a slash (/). Route handler: \App/Controller/dasboard\User::index
in SYSTEMPATH\Router\Router.php on line 466.
 1 SYSTEMPATH\Router\Router.php(466): CodeIgniter\Router\Exceptions\RouterException::forInvalidControllerName('\\App/Controller/dasboard\\User::index')
 2 SYSTEMPATH\Router\Router.php(181): CodeIgniter\Router\Router->checkRoutes('dashboard/users')
 3 SYSTEMPATH\CodeIgniter.php(771): CodeIgniter\Router\Router->handle('dashboard/users')
 4 SYSTEMPATH\CodeIgniter.php(415): CodeIgniter\CodeIgniter->tryToRouteIt(Object(CodeIgniter\Router\RouteCollection))
 5 SYSTEMPATH\CodeIgniter.php(349): CodeIgniter\CodeIgniter->handleRequest(null, Object(Config\Cache), false)
 6 FCPATH\index.php(57): CodeIgniter\CodeIgniter->run()
 7 SYSTEMPATH\Commands\Server\rewrite.php(43): require_once('FCPATH\\index.php')
CRITICAL - 2024-08-17 06:57:40 --> The namespace delimiter is a backslash (\), not a slash (/). Route handler: \App/Controller/dasboard\User::index
in SYSTEMPATH\Router\Router.php on line 466.
 1 SYSTEMPATH\Router\Router.php(466): CodeIgniter\Router\Exceptions\RouterException::forInvalidControllerName('\\App/Controller/dasboard\\User::index')
 2 SYSTEMPATH\Router\Router.php(181): CodeIgniter\Router\Router->checkRoutes('dashboard/users')
 3 SYSTEMPATH\CodeIgniter.php(771): CodeIgniter\Router\Router->handle('dashboard/users')
 4 SYSTEMPATH\CodeIgniter.php(415): CodeIgniter\CodeIgniter->tryToRouteIt(Object(CodeIgniter\Router\RouteCollection))
 5 SYSTEMPATH\CodeIgniter.php(349): CodeIgniter\CodeIgniter->handleRequest(null, Object(Config\Cache), false)
 6 FCPATH\index.php(57): CodeIgniter\CodeIgniter->run()
 7 SYSTEMPATH\Commands\Server\rewrite.php(43): require_once('FCPATH\\index.php')
CRITICAL - 2024-08-17 06:57:40 --> The namespace delimiter is a backslash (\), not a slash (/). Route handler: \App/Controller/dasboard\User::index
in SYSTEMPATH\Router\Router.php on line 466.
 1 SYSTEMPATH\Router\Router.php(466): CodeIgniter\Router\Exceptions\RouterException::forInvalidControllerName('\\App/Controller/dasboard\\User::index')
 2 SYSTEMPATH\Router\Router.php(181): CodeIgniter\Router\Router->checkRoutes('dashboard/users')
 3 SYSTEMPATH\CodeIgniter.php(771): CodeIgniter\Router\Router->handle('dashboard/users')
 4 SYSTEMPATH\CodeIgniter.php(415): CodeIgniter\CodeIgniter->tryToRouteIt(Object(CodeIgniter\Router\RouteCollection))
 5 SYSTEMPATH\CodeIgniter.php(349): CodeIgniter\CodeIgniter->handleRequest(null, Object(Config\Cache), false)
 6 FCPATH\index.php(57): CodeIgniter\CodeIgniter->run()
 7 SYSTEMPATH\Commands\Server\rewrite.php(43): require_once('FCPATH\\index.php')
CRITICAL - 2024-08-17 07:00:36 --> The namespace delimiter is a backslash (\), not a slash (/). Route handler: \App\Controllers\dasboard/\User::index
in SYSTEMPATH\Router\Router.php on line 466.
 1 SYSTEMPATH\Router\Router.php(466): CodeIgniter\Router\Exceptions\RouterException::forInvalidControllerName('\\App\\Controllers\\dasboard/\\User::index')
 2 SYSTEMPATH\Router\Router.php(181): CodeIgniter\Router\Router->checkRoutes('dashboard/users')
 3 SYSTEMPATH\CodeIgniter.php(771): CodeIgniter\Router\Router->handle('dashboard/users')
 4 SYSTEMPATH\CodeIgniter.php(415): CodeIgniter\CodeIgniter->tryToRouteIt(Object(CodeIgniter\Router\RouteCollection))
 5 SYSTEMPATH\CodeIgniter.php(349): CodeIgniter\CodeIgniter->handleRequest(null, Object(Config\Cache), false)
 6 FCPATH\index.php(57): CodeIgniter\CodeIgniter->run()
 7 SYSTEMPATH\Commands\Server\rewrite.php(43): require_once('FCPATH\\index.php')
CRITICAL - 2024-08-17 07:01:35 --> The namespace delimiter is a backslash (\), not a slash (/). Route handler: \App\Controllers\dasboard\/User::index
in SYSTEMPATH\Router\Router.php on line 466.
 1 SYSTEMPATH\Router\Router.php(466): CodeIgniter\Router\Exceptions\RouterException::forInvalidControllerName('\\App\\Controllers\\dasboard\\/User::index')
 2 SYSTEMPATH\Router\Router.php(181): CodeIgniter\Router\Router->checkRoutes('dashboard/users')
 3 SYSTEMPATH\CodeIgniter.php(771): CodeIgniter\Router\Router->handle('dashboard/users')
 4 SYSTEMPATH\CodeIgniter.php(415): CodeIgniter\CodeIgniter->tryToRouteIt(Object(CodeIgniter\Router\RouteCollection))
 5 SYSTEMPATH\CodeIgniter.php(349): CodeIgniter\CodeIgniter->handleRequest(null, Object(Config\Cache), false)
 6 FCPATH\index.php(57): CodeIgniter\CodeIgniter->run()
 7 SYSTEMPATH\Commands\Server\rewrite.php(43): require_once('FCPATH\\index.php')
CRITICAL - 2024-08-17 09:48:32 --> Too few arguments to function App\Controllers\Contact::edit(), 0 passed in C:\Users\samue\OneDrive\Área de Trabalho\Codigos\CodeIgniter4\CodeIgniter4-4.2.1\system\CodeIgniter.php on line 896 and exactly 2 expected
in APPPATH\Controllers\Contact.php on line 11.
 1 SYSTEMPATH\CodeIgniter.php(896): App\Controllers\Contact->edit()
 2 SYSTEMPATH\CodeIgniter.php(466): CodeIgniter\CodeIgniter->runController(Object(App\Controllers\Contact))
 3 SYSTEMPATH\CodeIgniter.php(349): CodeIgniter\CodeIgniter->handleRequest(null, Object(Config\Cache), false)
 4 FCPATH\index.php(57): CodeIgniter\CodeIgniter->run()
 5 SYSTEMPATH\Commands\Server\rewrite.php(43): require_once('FCPATH\\index.php')
CRITICAL - 2024-08-17 10:30:24 --> syntax error, unexpected variable "$routes"
in APPPATH\Config\Routes.php on line 50.
 1 SYSTEMPATH\CodeIgniter.php(415): CodeIgniter\CodeIgniter->tryToRouteIt(null)
 2 SYSTEMPATH\CodeIgniter.php(349): CodeIgniter\CodeIgniter->handleRequest(null, Object(Config\Cache), false)
 3 FCPATH\index.php(57): CodeIgniter\CodeIgniter->run()
 4 SYSTEMPATH\Commands\Server\rewrite.php(43): require_once('FCPATH\\index.php')
CRITICAL - 2024-08-17 16:23:27 --> Invalid file: welcome_message.php
in SYSTEMPATH\Exceptions\FrameworkException.php on line 33.
 1 SYSTEMPATH\View\View.php(201): CodeIgniter\Exceptions\FrameworkException::forInvalidFile('welcome_message.php')
 2 SYSTEMPATH\Common.php(1135): CodeIgniter\View\View->render('welcome_message', [], true)
 3 APPPATH\Controllers\Home.php(10): view('welcome_message')
 4 SYSTEMPATH\CodeIgniter.php(896): App\Controllers\Home->index()
 5 SYSTEMPATH\CodeIgniter.php(466): CodeIgniter\CodeIgniter->runController(Object(App\Controllers\Home))
 6 SYSTEMPATH\CodeIgniter.php(349): CodeIgniter\CodeIgniter->handleRequest(null, Object(Config\Cache), false)
 7 FCPATH\index.php(57): CodeIgniter\CodeIgniter->run()
 8 SYSTEMPATH\Commands\Server\rewrite.php(43): require_once('FCPATH\\index.php')
CRITICAL - 2024-08-17 17:05:29 --> Invalid file: product.php
in SYSTEMPATH\Exceptions\FrameworkException.php on line 33.
 1 SYSTEMPATH\View\View.php(201): CodeIgniter\Exceptions\FrameworkException::forInvalidFile('product.php')
 2 SYSTEMPATH\Common.php(1135): CodeIgniter\View\View->render('product', [], true)
 3 APPPATH\Controllers\Product.php(10): view('product')
 4 SYSTEMPATH\CodeIgniter.php(896): App\Controllers\Product->index()
 5 SYSTEMPATH\CodeIgniter.php(466): CodeIgniter\CodeIgniter->runController(Object(App\Controllers\Product))
 6 SYSTEMPATH\CodeIgniter.php(349): CodeIgniter\CodeIgniter->handleRequest(null, Object(Config\Cache), false)
 7 FCPATH\index.php(57): CodeIgniter\CodeIgniter->run()
 8 SYSTEMPATH\Commands\Server\rewrite.php(43): require_once('FCPATH\\index.php')
