CRITICAL - 2024-08-13 19:49:50 --> The framework needs the following extension(s) installed and loaded: curl.
in SYSTEMPATH\CodeIgniter.php on line 231.
 1 SYSTEMPATH\CodeIgniter.php(231): CodeIgniter\Exceptions\FrameworkException::forMissingExtension('curl')
 2 SYSTEMPATH\CodeIgniter.php(189): CodeIgniter\CodeIgniter->resolvePlatformExtensions()
 3 FCPATH\index.php(43): CodeIgniter\CodeIgniter->initialize()
CRITICAL - 2024-08-13 19:49:57 --> The framework needs the following extension(s) installed and loaded: curl.
in SYSTEMPATH\CodeIgniter.php on line 231.
 1 SYSTEMPATH\CodeIgniter.php(231): CodeIgniter\Exceptions\FrameworkException::forMissingExtension('curl')
 2 SYSTEMPATH\CodeIgniter.php(189): CodeIgniter\CodeIgniter->resolvePlatformExtensions()
 3 FCPATH\index.php(43): CodeIgniter\CodeIgniter->initialize()
CRITICAL - 2024-08-13 19:50:05 --> The framework needs the following extension(s) installed and loaded: curl.
in SYSTEMPATH\CodeIgniter.php on line 231.
 1 SYSTEMPATH\CodeIgniter.php(231): CodeIgniter\Exceptions\FrameworkException::forMissingExtension('curl')
 2 SYSTEMPATH\CodeIgniter.php(189): CodeIgniter\CodeIgniter->resolvePlatformExtensions()
 3 FCPATH\index.php(43): CodeIgniter\CodeIgniter->initialize()
CRITICAL - 2024-08-13 16:31:33 --> Non-static method custom\classes\Log::create() cannot be called statically
in APPPATH\Controllers\Home.php on line 11.
 1 SYSTEMPATH\CodeIgniter.php(896): App\Controllers\Home->index()
 2 SYSTEMPATH\CodeIgniter.php(466): CodeIgniter\CodeIgniter->runController(Object(App\Controllers\Home))
 3 SYSTEMPATH\CodeIgniter.php(349): CodeIgniter\CodeIgniter->handleRequest(null, Object(Config\Cache), false)
 4 FCPATH\index.php(57): CodeIgniter\CodeIgniter->run()
 5 SYSTEMPATH\Commands\Server\rewrite.php(43): require_once('FCPATH\\index.php')
CRITICAL - 2024-08-13 16:31:58 --> Non-static method custom\classes\Log::create() cannot be called statically
in APPPATH\Controllers\Home.php on line 11.
 1 SYSTEMPATH\CodeIgniter.php(896): App\Controllers\Home->index()
 2 SYSTEMPATH\CodeIgniter.php(466): CodeIgniter\CodeIgniter->runController(Object(App\Controllers\Home))
 3 SYSTEMPATH\CodeIgniter.php(349): CodeIgniter\CodeIgniter->handleRequest(null, Object(Config\Cache), false)
 4 FCPATH\index.php(57): CodeIgniter\CodeIgniter->run()
 5 SYSTEMPATH\Commands\Server\rewrite.php(43): require_once('FCPATH\\index.php')
CRITICAL - 2024-08-13 16:32:45 --> Non-static method custom\classes\Log::create() cannot be called statically
in APPPATH\Controllers\Home.php on line 11.
 1 SYSTEMPATH\CodeIgniter.php(896): App\Controllers\Home::index()
 2 SYSTEMPATH\CodeIgniter.php(466): CodeIgniter\CodeIgniter->runController(Object(App\Controllers\Home))
 3 SYSTEMPATH\CodeIgniter.php(349): CodeIgniter\CodeIgniter->handleRequest(null, Object(Config\Cache), false)
 4 FCPATH\index.php(57): CodeIgniter\CodeIgniter->run()
 5 SYSTEMPATH\Commands\Server\rewrite.php(43): require_once('FCPATH\\index.php')
CRITICAL - 2024-08-13 16:34:02 --> Class "custom\classes\Log" not found
in APPPATH\Controllers\Home.php on line 11.
 1 SYSTEMPATH\CodeIgniter.php(896): App\Controllers\Home->index()
 2 SYSTEMPATH\CodeIgniter.php(466): CodeIgniter\CodeIgniter->runController(Object(App\Controllers\Home))
 3 SYSTEMPATH\CodeIgniter.php(349): CodeIgniter\CodeIgniter->handleRequest(null, Object(Config\Cache), false)
 4 FCPATH\index.php(57): CodeIgniter\CodeIgniter->run()
 5 SYSTEMPATH\Commands\Server\rewrite.php(43): require_once('FCPATH\\index.php')
CRITICAL - 2024-08-13 16:35:13 --> Class "custom\classes\Log" not found
in APPPATH\Controllers\Home.php on line 11.
 1 SYSTEMPATH\CodeIgniter.php(896): App\Controllers\Home->index()
 2 SYSTEMPATH\CodeIgniter.php(466): CodeIgniter\CodeIgniter->runController(Object(App\Controllers\Home))
 3 SYSTEMPATH\CodeIgniter.php(349): CodeIgniter\CodeIgniter->handleRequest(null, Object(Config\Cache), false)
 4 FCPATH\index.php(57): CodeIgniter\CodeIgniter->run()
 5 SYSTEMPATH\Commands\Server\rewrite.php(43): require_once('FCPATH\\index.php')
CRITICAL - 2024-08-13 16:38:01 --> Class "custom\classes\Log" not found
in APPPATH\Controllers\Home.php on line 11.
 1 SYSTEMPATH\CodeIgniter.php(896): App\Controllers\Home->index()
 2 SYSTEMPATH\CodeIgniter.php(466): CodeIgniter\CodeIgniter->runController(Object(App\Controllers\Home))
 3 SYSTEMPATH\CodeIgniter.php(349): CodeIgniter\CodeIgniter->handleRequest(null, Object(Config\Cache), false)
 4 FCPATH\index.php(57): CodeIgniter\CodeIgniter->run()
 5 SYSTEMPATH\Commands\Server\rewrite.php(43): require_once('FCPATH\\index.php')
